SimonsMarketplaceV1/app/build/intermediates/manifest_merge_blame_file/debug/manifest-merger-blame-debug-report.txt
1<?xml version="1.0" encoding="utf-8"?>
2<manifest xmlns:android="http://schemas.android.com/apk/res/android"
3    package="com.example.simonsmarketplacev1"
4    android:versionCode="1"
5    android:versionName="1.0" >
6
7    <uses-sdk
8        android:minSdkVersion="16"
8-->src\main\AndroidManifest.xml
9        android:targetSdkVersion="30" />
9-->src\main\AndroidManifest.xml
10
11    <application
11-->src\main\AndroidManifest.xml:5:5-29:19
12        android:allowBackup="true"
12-->src\main\AndroidManifest.xml:6:9-35
13        android:appComponentFactory="androidx.core.app.CoreComponentFactory"
13-->[androidx.core:core:1.5.0] AndroidManifest.xml:24:18-86
14        android:debuggable="true"
15        android:icon="@mipmap/ic_launcher"
15-->src\main\AndroidManifest.xml:7:9-43
16        android:label="@string/app_name"
16-->src\main\AndroidManifest.xml:8:9-41
17        android:roundIcon="@mipmap/ic_launcher_round"
17-->src\main\AndroidManifest.xml:9:9-54
18        android:supportsRtl="true"
18-->src\main\AndroidManifest.xml:10:9-35
19        android:testOnly="true"
20        android:theme="@style/Theme.SimonsMarketplaceV1" >
20-->src\main\AndroidManifest.xml:11:9-57
21        <activity
21-->src\main\AndroidManifest.xml:12:9-15:15
22            android:name="com.example.simonsmarketplacev1.ui.dashboard.DashboardProfileActivity"
22-->src\main\AndroidManifest.xml:12:19-72
23            android:label="Details"
23-->src\main\AndroidManifest.xml:14:13-36
24            android:parentActivityName="com.example.simonsmarketplacev1.MainActivity" />
24-->src\main\AndroidManifest.xml:13:13-55
25        <activity
25-->src\main\AndroidManifest.xml:16:9-19:58
26            android:name="com.example.simonsmarketplacev1.ui.home.HomeItemActivity"
26-->src\main\AndroidManifest.xml:17:13-53
27            android:label="Details"
27-->src\main\AndroidManifest.xml:18:13-36
28            android:parentActivityName="com.example.simonsmarketplacev1.MainActivity" />
28-->src\main\AndroidManifest.xml:19:13-55
29        <activity
29-->src\main\AndroidManifest.xml:20:9-28:20
30            android:name="com.example.simonsmarketplacev1.MainActivity"
30-->src\main\AndroidManifest.xml:21:13-41
31            android:label="@string/app_name" >
31-->src\main\AndroidManifest.xml:22:13-45
32            <intent-filter>
32-->src\main\AndroidManifest.xml:23:13-27:29
33                <action android:name="android.intent.action.MAIN" />
33-->src\main\AndroidManifest.xml:24:17-69
33-->src\main\AndroidManifest.xml:24:25-66
34
35                <category android:name="android.intent.category.LAUNCHER" />
35-->src\main\AndroidManifest.xml:26:17-77
35-->src\main\AndroidManifest.xml:26:27-74
36            </intent-filter>
37        </activity>
38    </application>
39
40</manifest>